[2022-03-01T23:07:40.399] [DEBUG] cheese - login => username:zssd,password:123sdf
[2022-03-01T23:07:40.401] [DEBUG] cheese - zssd
[2022-03-01T23:07:40.415] [DEBUG] cheese - null
[2022-03-01T23:07:40.415] [DEBUG] cheese - null
[2022-03-01T23:07:59.419] [DEBUG] cheese - login => username:zssdf,password:123sdf
[2022-03-01T23:07:59.419] [DEBUG] cheese - zssdf
[2022-03-01T23:07:59.421] [DEBUG] cheese - null
[2022-03-01T23:07:59.421] [DEBUG] cheese - null
[2022-03-01T23:10:22.966] [DEBUG] cheese - login => username:zssdf,password:123sdf
[2022-03-01T23:10:22.967] [DEBUG] cheese - zssdf
[2022-03-01T23:10:22.968] [DEBUG] cheese - null
[2022-03-01T23:10:22.968] [DEBUG] cheese - null
[2022-03-01T23:31:42.987] [DEBUG] cheese - login => username:sdf,password:123sdff
[2022-03-01T23:31:42.987] [DEBUG] cheese - sdf
[2022-03-01T23:31:42.990] [DEBUG] cheese - null
[2022-03-01T23:31:42.990] [DEBUG] cheese - null
[2022-03-01T23:32:31.412] [DEBUG] cheese - login => username:zssdfdsf,password:123sdff
[2022-03-01T23:32:31.412] [DEBUG] cheese - zssdfdsf
[2022-03-01T23:32:31.413] [DEBUG] cheese - null
[2022-03-01T23:32:31.413] [DEBUG] cheese - null
[2022-03-01T23:32:48.990] [DEBUG] cheese - login => username:zsssd,password:123sdfsdf
[2022-03-01T23:32:48.990] [DEBUG] cheese - zsssd
[2022-03-01T23:32:48.992] [DEBUG] cheese - null
[2022-03-01T23:32:48.992] [DEBUG] cheese - null
[2022-03-01T23:33:52.374] [DEBUG] cheese - login => username:zssd,password:123fsdf
[2022-03-01T23:33:52.374] [DEBUG] cheese - zssd
[2022-03-01T23:33:52.376] [DEBUG] cheese - null
[2022-03-01T23:33:52.376] [DEBUG] cheese - null
[2022-03-01T23:34:41.904] [DEBUG] cheese - login => username:zssdfdf,password:123sdfd
[2022-03-01T23:34:41.904] [DEBUG] cheese - zssdfdf
[2022-03-01T23:34:41.906] [DEBUG] cheese - null
[2022-03-01T23:34:41.906] [DEBUG] cheese - null
[2022-03-01T23:34:42.800] [DEBUG] cheese - login => username:zssdfdf,password:123sdfd
[2022-03-01T23:34:42.801] [DEBUG] cheese - zssdfdf
[2022-03-01T23:34:42.802] [DEBUG] cheese - null
[2022-03-01T23:34:42.802] [DEBUG] cheese - null
[2022-03-01T23:35:05.964] [DEBUG] cheese - login => username:zssdf,password:123sdsdf
[2022-03-01T23:35:05.964] [DEBUG] cheese - zssdf
[2022-03-01T23:35:05.965] [DEBUG] cheese - null
[2022-03-01T23:35:05.965] [DEBUG] cheese - null
[2022-03-01T23:35:06.819] [DEBUG] cheese - login => username:zssdf,password:123sdsdf
[2022-03-01T23:35:06.819] [DEBUG] cheese - zssdf
[2022-03-01T23:35:06.821] [DEBUG] cheese - null
[2022-03-01T23:35:06.821] [DEBUG] cheese - null
[2022-03-01T23:35:14.386] [DEBUG] cheese - login => username:zssdf,password:123sdf
[2022-03-01T23:35:14.386] [DEBUG] cheese - zssdf
[2022-03-01T23:35:14.388] [DEBUG] cheese - null
[2022-03-01T23:35:14.388] [DEBUG] cheese - null
[2022-03-01T23:48:27.716] [DEBUG] cheese - login => username:zssdf,password:123sdfdsf
[2022-03-01T23:48:27.716] [DEBUG] cheese - zssdf
[2022-03-01T23:48:27.717] [DEBUG] cheese - null
[2022-03-01T23:48:27.717] [DEBUG] cheese - null
[2022-03-01T23:52:56.062] [DEBUG] cheese - login => username:zssdf,password:123sdf
[2022-03-01T23:52:56.062] [DEBUG] cheese - zssdf
[2022-03-01T23:52:56.064] [DEBUG] cheese - null
[2022-03-01T23:52:56.064] [DEBUG] cheese - null
[2022-03-01T23:55:06.443] [DEBUG] cheese - login => username:zssdf,password:123dsf
[2022-03-01T23:55:06.443] [DEBUG] cheese - zssdf
[2022-03-01T23:55:06.445] [DEBUG] cheese - null
[2022-03-01T23:55:06.445] [DEBUG] cheese - null
[2022-03-02T01:20:08.861] [DEBUG] cheese - login => username:zssdfsdf,password:123sdfsdfsdfsdf
[2022-03-02T01:20:08.862] [DEBUG] cheese - zssdfsdf
[2022-03-02T01:20:08.872] [DEBUG] cheese - null
[2022-03-02T01:20:08.872] [DEBUG] cheese - null
[2022-03-02T01:30:43.061] [DEBUG] cheese - login => username:zssd,password:123sdfdsf
[2022-03-02T01:30:43.062] [DEBUG] cheese - zssd
[2022-03-02T01:30:43.064] [DEBUG] cheese - null
[2022-03-02T01:30:43.064] [DEBUG] cheese - null
[2022-03-02T01:37:54.243] [DEBUG] cheese - login => username:zssdf,password:123sdfsdf
[2022-03-02T01:37:54.243] [DEBUG] cheese - zssdf
[2022-03-02T01:37:54.245] [DEBUG] cheese - null
[2022-03-02T01:37:54.245] [DEBUG] cheese - null
[2022-03-02T01:37:56.579] [DEBUG] cheese - login => username:zssdf,password:123sdfsdf
[2022-03-02T01:37:56.579] [DEBUG] cheese - zssdf
[2022-03-02T01:37:56.580] [DEBUG] cheese - null
[2022-03-02T01:37:56.580] [DEBUG] cheese - null
[2022-03-02T01:38:20.198] [DEBUG] cheese - login => username:zssdfsdf,password:123sdfsd
[2022-03-02T01:38:20.198] [DEBUG] cheese - zssdfsdf
[2022-03-02T01:38:20.200] [DEBUG] cheese - null
[2022-03-02T01:38:20.200] [DEBUG] cheese - null
[2022-03-02T01:39:40.359] [DEBUG] cheese - login => username:zssdf,password:123sdf
[2022-03-02T01:39:40.359] [DEBUG] cheese - zssdf
[2022-03-02T01:39:40.360] [DEBUG] cheese - null
[2022-03-02T01:39:40.360] [DEBUG] cheese - null
[2022-03-02T01:40:16.201] [DEBUG] cheese - login => username:zssfdsf,password:123sdfsdf
[2022-03-02T01:40:16.202] [DEBUG] cheese - zssfdsf
[2022-03-02T01:40:16.203] [DEBUG] cheese - null
[2022-03-02T01:40:16.203] [DEBUG] cheese - null
[2022-03-02T01:41:35.760] [DEBUG] cheese - login => username:admin,password:123456
[2022-03-02T01:41:35.760] [DEBUG] cheese - admin
[2022-03-02T01:41:35.764] [DEBUG] cheese - null
[2022-03-02T01:41:35.764] [DEBUG] cheese - null
[2022-03-02T13:07:05.948] [DEBUG] cheese - login => username:zssdf,password:123sdf
[2022-03-02T13:07:05.950] [DEBUG] cheese - zssdf
[2022-03-02T13:07:05.964] [DEBUG] cheese - null
[2022-03-02T13:07:05.964] [DEBUG] cheese - null
[2022-03-02T13:07:09.874] [DEBUG] cheese - login => username:zssdf,password:123sdfsdf
[2022-03-02T13:07:09.874] [DEBUG] cheese - zssdf
[2022-03-02T13:07:09.877] [DEBUG] cheese - null
[2022-03-02T13:07:09.877] [DEBUG] cheese - null
[2022-03-02T13:07:51.755] [DEBUG] cheese - login => username:zssdf,password:123sdfsdf
[2022-03-02T13:07:51.755] [DEBUG] cheese - zssdf
[2022-03-02T13:07:51.756] [DEBUG] cheese - null
[2022-03-02T13:07:51.756] [DEBUG] cheese - null
[2022-03-02T13:20:17.633] [DEBUG] cheese - login => username:admin,password:123456
[2022-03-02T13:20:17.633] [DEBUG] cheese - admin
[2022-03-02T13:20:17.639] [DEBUG] cheese - null
[2022-03-02T13:20:17.640] [DEBUG] cheese - null
[2022-03-02T13:26:17.047] [DEBUG] cheese - login => username:admin,password:123456
[2022-03-02T13:26:17.047] [DEBUG] cheese - admin
[2022-03-02T13:26:17.050] [DEBUG] cheese - null
[2022-03-02T13:26:17.050] [DEBUG] cheese - null
[2022-03-02T13:28:10.915] [DEBUG] cheese - login => username:admin,password:123456
[2022-03-02T13:28:10.915] [DEBUG] cheese - admin
[2022-03-02T13:28:10.916] [DEBUG] cheese - null
[2022-03-02T13:28:10.916] [DEBUG] cheese - null
[2022-03-02T13:33:59.534] [DEBUG] cheese - login => username:admin,password:123456
[2022-03-02T13:33:59.534] [DEBUG] cheese - admin
[2022-03-02T13:33:59.537] [DEBUG] cheese - null
[2022-03-02T13:33:59.537] [DEBUG] cheese - null
[2022-03-02T13:38:14.529] [DEBUG] cheese - login => username:admin,password:123456
[2022-03-02T13:38:14.530] [DEBUG] cheese - admin
[2022-03-02T13:38:14.531] [DEBUG] cheese - null
[2022-03-02T13:38:14.531] [DEBUG] cheese - null
[2022-03-02T13:38:32.663] [DEBUG] cheese - login => username:admin,password:123456
[2022-03-02T13:38:32.663] [DEBUG] cheese - admin
[2022-03-02T13:38:32.665] [DEBUG] cheese - null
[2022-03-02T13:38:32.665] [DEBUG] cheese - null
[2022-03-02T13:50:08.845] [DEBUG] cheese - login => username:admin,password:123456
[2022-03-02T13:50:08.845] [DEBUG] cheese - admin
[2022-03-02T13:50:08.847] [DEBUG] cheese - null
[2022-03-02T13:50:08.847] [DEBUG] cheese - null
[2022-03-02T13:52:55.814] [DEBUG] cheese - login => username:admin,password:123456
[2022-03-02T13:52:55.814] [DEBUG] cheese - admin
[2022-03-02T13:52:55.816] [DEBUG] cheese - null
[2022-03-02T13:52:55.816] [DEBUG] cheese - null
[2022-03-02T13:53:00.927] [DEBUG] cheese - login => username:admin,password:123456
[2022-03-02T13:53:00.927] [DEBUG] cheese - admin
[2022-03-02T13:53:00.928] [DEBUG] cheese - null
[2022-03-02T13:53:00.928] [DEBUG] cheese - null
[2022-03-02T14:22:53.700] [DEBUG] cheese - login => username:admin,password:123456
[2022-03-02T14:22:53.700] [DEBUG] cheese - admin
[2022-03-02T14:22:53.703] [DEBUG] cheese - null
[2022-03-02T14:22:53.703] [DEBUG] cheese - null
[2022-03-02T14:23:31.805] [DEBUG] cheese - login => username:adminsdf,password:123456sdfsdf
[2022-03-02T14:23:31.805] [DEBUG] cheese - adminsdf
[2022-03-02T14:23:31.806] [DEBUG] cheese - null
[2022-03-02T14:23:31.806] [DEBUG] cheese - null
[2022-03-02T14:23:35.654] [DEBUG] cheese - login => username:admin,password:123456
[2022-03-02T14:23:35.654] [DEBUG] cheese - admin
[2022-03-02T14:23:35.656] [DEBUG] cheese - null
[2022-03-02T14:23:35.656] [DEBUG] cheese - null
[2022-03-02T15:49:00.995] [DEBUG] cheese - login => username:admin,password:123456
[2022-03-02T15:49:00.995] [DEBUG] cheese - admin
[2022-03-02T15:49:00.998] [DEBUG] cheese - null
[2022-03-02T15:49:00.998] [DEBUG] cheese - null
[2022-03-02T18:41:42.356] [DEBUG] cheese - login => username:admin,password:123456
[2022-03-02T18:41:42.356] [DEBUG] cheese - admin
[2022-03-02T18:41:42.359] [DEBUG] cheese - null
[2022-03-02T18:41:42.359] [DEBUG] cheese - null
[2022-03-02T18:42:28.930] [DEBUG] cheese - login => username:admin,password:123456
[2022-03-02T18:42:28.930] [DEBUG] cheese - admin
[2022-03-02T18:42:28.931] [DEBUG] cheese - null
[2022-03-02T18:42:28.932] [DEBUG] cheese - null
[2022-03-02T18:43:05.915] [DEBUG] cheese - login => username:admin,password:123456
[2022-03-02T18:43:05.915] [DEBUG] cheese - admin
[2022-03-02T18:43:05.917] [DEBUG] cheese - null
[2022-03-02T18:43:05.917] [DEBUG] cheese - null
[2022-03-02T18:45:18.676] [DEBUG] cheese - login => username:admin,password:123456
[2022-03-02T18:45:18.676] [DEBUG] cheese - admin
[2022-03-02T18:45:18.678] [DEBUG] cheese - null
[2022-03-02T18:45:18.678] [DEBUG] cheese - null
[2022-03-02T18:45:35.946] [DEBUG] cheese - login => username:admin,password:123456
[2022-03-02T18:45:35.946] [DEBUG] cheese - admin
[2022-03-02T18:45:35.948] [DEBUG] cheese - null
[2022-03-02T18:45:35.948] [DEBUG] cheese - null
[2022-03-02T18:47:06.455] [DEBUG] cheese - login => username:admin,password:123456
[2022-03-02T18:47:06.455] [DEBUG] cheese - admin
[2022-03-02T18:47:06.457] [DEBUG] cheese - null
[2022-03-02T18:47:06.457] [DEBUG] cheese - null
[2022-03-02T18:47:22.820] [DEBUG] cheese - login => username:admin,password:123456
[2022-03-02T18:47:22.820] [DEBUG] cheese - admin
[2022-03-02T18:47:22.823] [DEBUG] cheese - null
[2022-03-02T18:47:22.823] [DEBUG] cheese - null
[2022-03-02T18:56:04.925] [DEBUG] cheese - login => username:admin,password:123456
[2022-03-02T18:56:04.925] [DEBUG] cheese - admin
[2022-03-02T18:56:04.927] [DEBUG] cheese - null
[2022-03-02T18:56:04.927] [DEBUG] cheese - null
[2022-03-02T18:56:35.533] [DEBUG] cheese - login => username:admin,password:123456
[2022-03-02T18:56:35.533] [DEBUG] cheese - admin
[2022-03-02T18:56:35.534] [DEBUG] cheese - null
[2022-03-02T18:56:35.534] [DEBUG] cheese - null
[2022-03-02T19:02:08.527] [DEBUG] cheese - login => username:admin,password:123456
[2022-03-02T19:02:08.527] [DEBUG] cheese - admin
[2022-03-02T19:02:08.529] [DEBUG] cheese - null
[2022-03-02T19:02:08.529] [DEBUG] cheese - null
[2022-03-03T17:24:53.934] [DEBUG] cheese - login => username:admin,password:123456
[2022-03-03T17:24:53.936] [DEBUG] cheese - admin
[2022-03-03T17:24:53.951] [DEBUG] cheese - null
[2022-03-03T17:24:53.952] [DEBUG] cheese - null
[2022-03-03T17:34:41.268] [DEBUG] cheese - login => username:admin,password:123456
[2022-03-03T17:34:41.268] [DEBUG] cheese - admin
[2022-03-03T17:34:41.270] [DEBUG] cheese - null
[2022-03-03T17:34:41.270] [DEBUG] cheese - null
[2022-03-03T19:06:51.270] [DEBUG] cheese - login => username:admin,password:123456
[2022-03-03T19:06:51.270] [DEBUG] cheese - admin
[2022-03-03T19:06:51.272] [DEBUG] cheese - null
[2022-03-03T19:06:51.272] [DEBUG] cheese - null
[2022-03-03T19:12:54.349] [DEBUG] cheese - login => username:admin,password:123456
[2022-03-03T19:12:54.349] [DEBUG] cheese - admin
[2022-03-03T19:12:54.350] [DEBUG] cheese - null
[2022-03-03T19:12:54.350] [DEBUG] cheese - null
[2022-03-03T19:20:56.644] [DEBUG] cheese - login => username:admin,password:123456
[2022-03-03T19:20:56.644] [DEBUG] cheese - admin
[2022-03-03T19:20:56.646] [DEBUG] cheese - null
[2022-03-03T19:20:56.646] [DEBUG] cheese - null
[2022-03-03T19:34:26.660] [DEBUG] cheese - login => username:admin,password:123456
[2022-03-03T19:34:26.660] [DEBUG] cheese - admin
[2022-03-03T19:34:26.662] [DEBUG] cheese - null
[2022-03-03T19:34:26.663] [DEBUG] cheese - null
[2022-03-03T19:35:10.918] [DEBUG] cheese - login => username:admin,password:123456
[2022-03-03T19:35:10.918] [DEBUG] cheese - admin
[2022-03-03T19:35:10.920] [DEBUG] cheese - null
[2022-03-03T19:35:10.920] [DEBUG] cheese - null
[2022-03-03T19:35:38.270] [DEBUG] cheese - login => username:admin,password:123456
[2022-03-03T19:35:38.271] [DEBUG] cheese - admin
[2022-03-03T19:35:38.272] [DEBUG] cheese - null
[2022-03-03T19:35:38.272] [DEBUG] cheese - null
[2022-03-03T21:37:18.621] [DEBUG] cheese - login => username:admin,password:123456
[2022-03-03T21:37:18.622] [DEBUG] cheese - admin
[2022-03-03T21:37:18.634] [DEBUG] cheese - null
[2022-03-03T21:37:18.635] [DEBUG] cheese - null
[2022-03-03T21:48:11.611] [DEBUG] cheese - login => username:admin,password:123456
[2022-03-03T21:48:11.611] [DEBUG] cheese - admin
[2022-03-03T21:48:11.614] [DEBUG] cheese - null
[2022-03-03T21:48:11.614] [DEBUG] cheese - null
[2022-03-03T22:42:23.090] [DEBUG] cheese - login => username:admin,password:123456
[2022-03-03T22:42:23.090] [DEBUG] cheese - admin
[2022-03-03T22:42:23.093] [DEBUG] cheese - null
[2022-03-03T22:42:23.093] [DEBUG] cheese - null
[2022-03-04T14:00:46.733] [DEBUG] cheese - login => username:admin,password:123456
[2022-03-04T14:00:46.734] [DEBUG] cheese - admin
[2022-03-04T14:00:46.740] [DEBUG] cheese - { inspect: [Function: inspect] }
[2022-03-04T14:00:46.742] [DEBUG] cheese - 查询失败
[2022-03-04T14:00:47.841] [DEBUG] cheese - login => username:admin,password:123456
[2022-03-04T14:00:47.841] [DEBUG] cheese - admin
[2022-03-04T14:00:47.843] [DEBUG] cheese - { inspect: [Function: inspect] }
[2022-03-04T14:00:47.843] [DEBUG] cheese - 查询失败
[2022-03-04T14:00:50.532] [DEBUG] cheese - login => username:admin,password:123456
[2022-03-04T14:00:50.532] [DEBUG] cheese - admin
[2022-03-04T14:00:50.534] [DEBUG] cheese - { inspect: [Function: inspect] }
[2022-03-04T14:00:50.534] [DEBUG] cheese - 查询失败
[2022-03-04T14:00:51.358] [DEBUG] cheese - login => username:admin,password:123456
[2022-03-04T14:00:51.358] [DEBUG] cheese - admin
[2022-03-04T14:00:51.360] [DEBUG] cheese - { inspect: [Function: inspect] }
[2022-03-04T14:00:51.360] [DEBUG] cheese - 查询失败
[2022-03-04T14:00:53.839] [DEBUG] cheese - login => username:admin,password:123456
[2022-03-04T14:00:53.839] [DEBUG] cheese - admin
[2022-03-04T14:00:53.841] [DEBUG] cheese - { inspect: [Function: inspect] }
[2022-03-04T14:00:53.842] [DEBUG] cheese - 查询失败
[2022-03-04T14:01:01.131] [DEBUG] cheese - login => username:admin,password:123456
[2022-03-04T14:01:01.131] [DEBUG] cheese - admin
[2022-03-04T14:01:01.133] [DEBUG] cheese - { inspect: [Function: inspect] }
[2022-03-04T14:01:01.133] [DEBUG] cheese - 查询失败
[2022-03-04T14:01:22.542] [DEBUG] cheese - login => username:admin,password:123456
[2022-03-04T14:01:22.543] [DEBUG] cheese - admin
[2022-03-04T14:01:22.555] [DEBUG] cheese - null
[2022-03-04T14:01:22.555] [DEBUG] cheese - null
[2022-03-04T14:35:39.469] [DEBUG] cheese - login => username:admin,password:123456
[2022-03-04T14:35:39.469] [DEBUG] cheese - admin
[2022-03-04T14:35:39.471] [DEBUG] cheese - null
[2022-03-04T14:35:39.471] [DEBUG] cheese - null
[2022-03-04T14:35:44.814] [DEBUG] cheese - login => username:admin,password:123456
[2022-03-04T14:35:44.814] [DEBUG] cheese - admin
[2022-03-04T14:35:44.816] [DEBUG] cheese - null
[2022-03-04T14:35:44.816] [DEBUG] cheese - null
[2022-03-04T14:48:14.432] [DEBUG] cheese - login => username:admin,password:123456
[2022-03-04T14:48:14.432] [DEBUG] cheese - admin
[2022-03-04T14:48:14.434] [DEBUG] cheese - null
[2022-03-04T14:48:14.434] [DEBUG] cheese - null
[2022-03-04T14:48:58.496] [DEBUG] cheese - login => username:admin,password:123456
[2022-03-04T14:48:58.496] [DEBUG] cheese - admin
[2022-03-04T14:48:58.498] [DEBUG] cheese - null
[2022-03-04T14:48:58.498] [DEBUG] cheese - null
[2022-03-04T14:49:34.461] [DEBUG] cheese - login => username:admin,password:123456
[2022-03-04T14:49:34.461] [DEBUG] cheese - admin
[2022-03-04T14:49:34.463] [DEBUG] cheese - null
[2022-03-04T14:49:34.463] [DEBUG] cheese - null
[2022-03-04T18:52:06.680] [DEBUG] cheese - login => username:admin,password:123456
[2022-03-04T18:52:06.680] [DEBUG] cheese - admin
[2022-03-04T18:52:06.682] [DEBUG] cheese - null
[2022-03-04T18:52:06.682] [DEBUG] cheese - null
[2022-03-04T20:46:39.511] [DEBUG] cheese - login => username:admin,password:123456
[2022-03-04T20:46:39.512] [DEBUG] cheese - admin
[2022-03-04T20:46:39.522] [DEBUG] cheese - null
[2022-03-04T20:46:39.522] [DEBUG] cheese - null
[2022-03-04T22:30:24.445] [DEBUG] cheese - login => username:admin,password:123456
[2022-03-04T22:30:24.446] [DEBUG] cheese - admin
[2022-03-04T22:30:24.455] [DEBUG] cheese - null
[2022-03-04T22:30:24.456] [DEBUG] cheese - null
[2022-03-05T06:45:59.243] [DEBUG] cheese - login => username:admin,password:123456
[2022-03-05T06:45:59.244] [DEBUG] cheese - admin
[2022-03-05T06:45:59.259] [DEBUG] cheese - null
[2022-03-05T06:45:59.260] [DEBUG] cheese - null
[2022-03-05T12:31:25.617] [DEBUG] cheese - login => username:admin,password:123456
[2022-03-05T12:31:25.618] [DEBUG] cheese - admin
[2022-03-05T12:31:25.631] [DEBUG] cheese - null
[2022-03-05T12:31:25.632] [DEBUG] cheese - null
[2022-03-05T12:32:52.622] [DEBUG] cheese - login => username:admin,password:123456
[2022-03-05T12:32:52.622] [DEBUG] cheese - admin
[2022-03-05T12:32:52.624] [DEBUG] cheese - null
[2022-03-05T12:32:52.624] [DEBUG] cheese - null
[2022-03-05T13:30:10.148] [DEBUG] cheese - login => username:admin,password:123456
[2022-03-05T13:30:10.148] [DEBUG] cheese - admin
[2022-03-05T13:30:10.151] [DEBUG] cheese - null
[2022-03-05T13:30:10.151] [DEBUG] cheese - null
[2022-03-05T14:33:21.511] [DEBUG] cheese - login => username:admin,password:123456
[2022-03-05T14:33:21.511] [DEBUG] cheese - admin
[2022-03-05T14:33:21.514] [DEBUG] cheese - null
[2022-03-05T14:33:21.514] [DEBUG] cheese - null
[2022-03-05T23:33:40.601] [DEBUG] cheese - login => username:admin,password:123456
[2022-03-05T23:33:40.602] [DEBUG] cheese - admin
[2022-03-05T23:33:40.611] [DEBUG] cheese - null
[2022-03-05T23:33:40.611] [DEBUG] cheese - null
[2022-03-06T14:32:55.410] [DEBUG] cheese - login => username:admin,password:123456
[2022-03-06T14:32:55.411] [DEBUG] cheese - admin
[2022-03-06T14:32:55.425] [DEBUG] cheese - null
[2022-03-06T14:32:55.425] [DEBUG] cheese - null
[2022-03-06T21:35:02.921] [DEBUG] cheese - login => username:admin,password:123456
[2022-03-06T21:35:02.922] [DEBUG] cheese - admin
[2022-03-06T21:35:02.930] [DEBUG] cheese - null
[2022-03-06T21:35:02.930] [DEBUG] cheese - null
[2022-03-06T22:52:11.142] [DEBUG] cheese - login => username:admin,password:123456
[2022-03-06T22:52:11.142] [DEBUG] cheese - admin
[2022-03-06T22:52:11.144] [DEBUG] cheese - null
[2022-03-06T22:52:11.144] [DEBUG] cheese - null
[2022-03-06T22:52:58.636] [DEBUG] cheese - login => username:admin,password:123456
[2022-03-06T22:52:58.637] [DEBUG] cheese - admin
[2022-03-06T22:52:58.638] [DEBUG] cheese - null
[2022-03-06T22:52:58.638] [DEBUG] cheese - null
[2022-03-07T02:39:18.813] [DEBUG] cheese - login => username:admin,password:123456
[2022-03-07T02:39:18.814] [DEBUG] cheese - admin
[2022-03-07T02:39:18.823] [DEBUG] cheese - null
[2022-03-07T02:39:18.823] [DEBUG] cheese - null
[2022-03-07T13:33:00.091] [DEBUG] cheese - login => username:admin,password:123456
[2022-03-07T13:33:00.092] [DEBUG] cheese - admin
[2022-03-07T13:33:00.107] [DEBUG] cheese - null
[2022-03-07T13:33:00.107] [DEBUG] cheese - null
[2022-03-07T13:45:51.106] [DEBUG] cheese - login => username:admin,password:123456
[2022-03-07T13:45:51.107] [DEBUG] cheese - admin
[2022-03-07T13:45:51.110] [DEBUG] cheese - null
[2022-03-07T13:45:51.110] [DEBUG] cheese - null
[2022-03-07T14:27:55.748] [DEBUG] cheese - login => username:admin,password:123456
[2022-03-07T14:27:55.748] [DEBUG] cheese - admin
[2022-03-07T14:27:55.750] [DEBUG] cheese - null
[2022-03-07T14:27:55.750] [DEBUG] cheese - null
[2022-03-07T20:29:44.377] [DEBUG] cheese - login => username:admin,password:123456
[2022-03-07T20:29:44.378] [DEBUG] cheese - admin
[2022-03-07T20:29:44.387] [DEBUG] cheese - null
[2022-03-07T20:29:44.387] [DEBUG] cheese - null
[2022-03-07T22:50:02.830] [DEBUG] cheese - login => username:admin,password:123456
[2022-03-07T22:50:02.832] [DEBUG] cheese - admin
[2022-03-07T22:50:02.849] [DEBUG] cheese - null
[2022-03-07T22:50:02.849] [DEBUG] cheese - null
[2022-03-07T23:36:54.197] [DEBUG] cheese - null
[2022-03-07T23:37:04.333] [DEBUG] cheese - null
[2022-03-07T23:37:33.515] [DEBUG] cheese - null
[2022-03-07T23:41:11.604] [DEBUG] cheese - null
[2022-03-07T23:41:20.304] [DEBUG] cheese - null
[2022-03-07T23:42:20.541] [DEBUG] cheese - null
[2022-03-07T23:43:26.312] [DEBUG] cheese - null
[2022-03-07T23:43:28.109] [DEBUG] cheese - null
[2022-03-07T23:43:31.444] [DEBUG] cheese - null
[2022-03-07T23:58:18.934] [DEBUG] cheese - null
[2022-03-07T23:58:20.766] [DEBUG] cheese - null
[2022-03-08T09:10:33.754] [DEBUG] cheese - login => username:admin,password:123456
[2022-03-08T09:10:33.755] [DEBUG] cheese - admin
[2022-03-08T09:10:33.769] [DEBUG] cheese - null
[2022-03-08T09:10:33.769] [DEBUG] cheese - null
[2022-03-08T14:47:27.001] [DEBUG] cheese - login => username:admin,password:123456
[2022-03-08T14:47:27.002] [DEBUG] cheese - admin
[2022-03-08T14:47:27.016] [DEBUG] cheese - null
[2022-03-08T14:47:27.017] [DEBUG] cheese - null
[2022-03-08T16:42:24.560] [DEBUG] cheese - null
[2022-03-08T16:42:30.174] [DEBUG] cheese - null
[2022-03-08T17:41:03.291] [DEBUG] cheese - null
[2022-03-09T13:11:15.728] [DEBUG] cheese - login => username:admin,password:123456
[2022-03-09T13:11:15.729] [DEBUG] cheese - admin
[2022-03-09T13:11:15.742] [DEBUG] cheese - null
[2022-03-09T13:11:15.742] [DEBUG] cheese - null
[2022-03-09T13:56:25.465] [DEBUG] cheese - login => username:admin,password:123456
[2022-03-09T13:56:25.466] [DEBUG] cheese - admin
[2022-03-09T13:56:25.476] [DEBUG] cheese - null
[2022-03-09T13:56:25.476] [DEBUG] cheese - null
[2022-03-09T14:07:26.766] [DEBUG] cheese - login => username:admin,password:123456
[2022-03-09T14:07:26.766] [DEBUG] cheese - admin
[2022-03-09T14:07:26.768] [DEBUG] cheese - null
[2022-03-09T14:07:26.768] [DEBUG] cheese - null
[2022-03-09T14:07:36.106] [DEBUG] cheese - login => username:admin,password:123456
[2022-03-09T14:07:36.106] [DEBUG] cheese - admin
[2022-03-09T14:07:36.108] [DEBUG] cheese - null
[2022-03-09T14:07:36.108] [DEBUG] cheese - null
[2022-03-09T14:07:56.334] [DEBUG] cheese - login => username:admin,password:123456
[2022-03-09T14:07:56.334] [DEBUG] cheese - admin
[2022-03-09T14:07:56.335] [DEBUG] cheese - null
[2022-03-09T14:07:56.335] [DEBUG] cheese - null
[2022-03-09T14:09:34.711] [DEBUG] cheese - login => username:admin,password:123456
[2022-03-09T14:09:34.711] [DEBUG] cheese - admin
[2022-03-09T14:09:34.712] [DEBUG] cheese - null
[2022-03-09T14:09:34.712] [DEBUG] cheese - null
[2022-03-09T14:51:58.478] [DEBUG] cheese - login => username:admin,password:123456
[2022-03-09T14:51:58.478] [DEBUG] cheese - admin
[2022-03-09T14:51:58.480] [DEBUG] cheese - null
[2022-03-09T14:51:58.480] [DEBUG] cheese - null
[2022-03-09T14:52:02.365] [DEBUG] cheese - login => username:admin,password:123456
[2022-03-09T14:52:02.365] [DEBUG] cheese - admin
[2022-03-09T14:52:02.367] [DEBUG] cheese - null
[2022-03-09T14:52:02.367] [DEBUG] cheese - null
[2022-03-09T14:52:16.461] [DEBUG] cheese - login => username:admin,password:123456
[2022-03-09T14:52:16.462] [DEBUG] cheese - admin
[2022-03-09T14:52:16.463] [DEBUG] cheese - null
[2022-03-09T14:52:16.463] [DEBUG] cheese - null
[2022-03-09T14:52:50.509] [DEBUG] cheese - login => username:admin,password:123456
[2022-03-09T14:52:50.509] [DEBUG] cheese - admin
[2022-03-09T14:52:50.510] [DEBUG] cheese - null
[2022-03-09T14:52:50.510] [DEBUG] cheese - null
[2022-03-09T15:40:48.498] [DEBUG] cheese - login => username:admin,password:123456
[2022-03-09T15:40:48.498] [DEBUG] cheese - admin
[2022-03-09T15:40:48.499] [DEBUG] cheese - null
[2022-03-09T15:40:48.499] [DEBUG] cheese - null
[2022-03-09T15:41:55.099] [DEBUG] cheese - login => username:admin,password:123456
[2022-03-09T15:41:55.099] [DEBUG] cheese - admin
[2022-03-09T15:41:55.100] [DEBUG] cheese - null
[2022-03-09T15:41:55.100] [DEBUG] cheese - null
[2022-03-09T15:49:27.159] [DEBUG] cheese - login => username:admin,password:123456
[2022-03-09T15:49:27.159] [DEBUG] cheese - admin
[2022-03-09T15:49:27.161] [DEBUG] cheese - null
[2022-03-09T15:49:27.161] [DEBUG] cheese - null
[2022-03-09T15:49:50.775] [DEBUG] cheese - login => username:admin,password:123456
[2022-03-09T15:49:50.775] [DEBUG] cheese - admin
[2022-03-09T15:49:50.776] [DEBUG] cheese - null
[2022-03-09T15:49:50.776] [DEBUG] cheese - null
[2022-03-09T16:02:39.773] [DEBUG] cheese - login => username:admin,password:123456
[2022-03-09T16:02:39.774] [DEBUG] cheese - admin
[2022-03-09T16:02:39.775] [DEBUG] cheese - null
[2022-03-09T16:02:39.775] [DEBUG] cheese - null
[2022-03-09T16:06:59.599] [DEBUG] cheese - login => username:admin,password:123456
[2022-03-09T16:06:59.599] [DEBUG] cheese - admin
[2022-03-09T16:06:59.601] [DEBUG] cheese - null
[2022-03-09T16:06:59.601] [DEBUG] cheese - null
[2022-03-09T17:33:56.063] [DEBUG] cheese - login => username:admin,password:123456
[2022-03-09T17:33:56.064] [DEBUG] cheese - admin
[2022-03-09T17:33:56.069] [DEBUG] cheese - null
[2022-03-09T17:33:56.070] [DEBUG] cheese - null
[2022-03-09T19:38:35.402] [DEBUG] cheese - login => username:admin,password:123456
[2022-03-09T19:38:35.403] [DEBUG] cheese - admin
[2022-03-09T19:38:35.411] [DEBUG] cheese - null
[2022-03-09T19:38:35.412] [DEBUG] cheese - null
[2022-03-09T22:23:43.685] [DEBUG] cheese - login => username:admin,password:123456
[2022-03-09T22:23:43.686] [DEBUG] cheese - admin
[2022-03-09T22:23:43.695] [DEBUG] cheese - null
[2022-03-09T22:23:43.695] [DEBUG] cheese - null
[2022-03-10T12:58:12.952] [DEBUG] cheese - login => username:admin,password:123456
[2022-03-10T12:58:12.953] [DEBUG] cheese - admin
[2022-03-10T12:58:12.967] [DEBUG] cheese - null
[2022-03-10T12:58:12.967] [DEBUG] cheese - null
[2022-03-10T18:30:07.415] [DEBUG] cheese - login => username:admin,password:123456
[2022-03-10T18:30:07.416] [DEBUG] cheese - admin
[2022-03-10T18:30:07.427] [DEBUG] cheese - null
[2022-03-10T18:30:07.428] [DEBUG] cheese - null
[2022-03-10T19:17:40.319] [DEBUG] cheese - login => username:admin,password:123456
[2022-03-10T19:17:40.320] [DEBUG] cheese - admin
[2022-03-10T19:17:40.329] [DEBUG] cheese - null
[2022-03-10T19:17:40.329] [DEBUG] cheese - null
[2022-03-10T23:14:40.508] [DEBUG] cheese - login => username:admin,password:123456
[2022-03-10T23:14:40.509] [DEBUG] cheese - admin
[2022-03-10T23:14:40.518] [DEBUG] cheese - null
[2022-03-10T23:14:40.518] [DEBUG] cheese - null
[2022-03-11T02:09:45.472] [DEBUG] cheese - login => username:admin,password:123456
[2022-03-11T02:09:45.474] [DEBUG] cheese - admin
[2022-03-11T02:09:45.479] [DEBUG] cheese - null
[2022-03-11T02:09:45.479] [DEBUG] cheese - null
[2022-03-11T15:34:59.869] [DEBUG] cheese - login => username:admin,password:123456
[2022-03-11T15:34:59.870] [DEBUG] cheese - admin
[2022-03-11T15:34:59.888] [DEBUG] cheese - null
[2022-03-11T15:34:59.889] [DEBUG] cheese - null
[2022-03-11T19:03:49.711] [DEBUG] cheese - login => username:admin,password:123456
[2022-03-11T19:03:49.712] [DEBUG] cheese - admin
[2022-03-11T19:03:49.721] [DEBUG] cheese - null
[2022-03-11T19:03:49.721] [DEBUG] cheese - null
[2022-03-11T20:24:20.707] [DEBUG] cheese - login => username:admin,password:123456
[2022-03-11T20:24:20.708] [DEBUG] cheese - admin
[2022-03-11T20:24:20.717] [DEBUG] cheese - null
[2022-03-11T20:24:20.717] [DEBUG] cheese - null
[2022-03-12T03:55:51.462] [DEBUG] cheese - login => username:admin,password:123456
[2022-03-12T03:55:51.463] [DEBUG] cheese - admin
[2022-03-12T03:55:51.472] [DEBUG] cheese - null
[2022-03-12T03:55:51.472] [DEBUG] cheese - null
[2022-03-12T15:02:57.000] [DEBUG] cheese - login => username:admin,password:123456
[2022-03-12T15:02:57.001] [DEBUG] cheese - admin
[2022-03-12T15:02:57.016] [DEBUG] cheese - null
[2022-03-12T15:02:57.016] [DEBUG] cheese - null
[2022-03-12T21:15:24.505] [DEBUG] cheese - login => username:admin,password:123456
[2022-03-12T21:15:24.506] [DEBUG] cheese - admin
[2022-03-12T21:15:24.517] [DEBUG] cheese - null
[2022-03-12T21:15:24.517] [DEBUG] cheese - null
[2022-03-13T00:48:47.189] [DEBUG] cheese - login => username:admin,password:123456
[2022-03-13T00:48:47.190] [DEBUG] cheese - admin
[2022-03-13T00:48:47.199] [DEBUG] cheese - null
[2022-03-13T00:48:47.200] [DEBUG] cheese - null
[2022-03-13T01:33:20.355] [DEBUG] cheese - login => username:admin,password:123456
[2022-03-13T01:33:20.356] [DEBUG] cheese - admin
[2022-03-13T01:33:20.365] [DEBUG] cheese - null
[2022-03-13T01:33:20.365] [DEBUG] cheese - null
[2022-03-13T05:31:08.450] [DEBUG] cheese - login => username:admin,password:123456
[2022-03-13T05:31:08.451] [DEBUG] cheese - admin
[2022-03-13T05:31:08.460] [DEBUG] cheese - null
[2022-03-13T05:31:08.460] [DEBUG] cheese - null
[2022-03-13T05:37:26.148] [DEBUG] cheese - login => username:admin,password:123456
[2022-03-13T05:37:26.148] [DEBUG] cheese - admin
[2022-03-13T05:37:26.151] [DEBUG] cheese - null
[2022-03-13T05:37:26.151] [DEBUG] cheese - null
[2022-03-13T12:51:08.953] [DEBUG] cheese - login => username:admin,password:123456
[2022-03-13T12:51:08.954] [DEBUG] cheese - admin
[2022-03-13T12:51:08.971] [DEBUG] cheese - null
[2022-03-13T12:51:08.971] [DEBUG] cheese - null
[2022-03-14T02:08:14.788] [DEBUG] cheese - login => username:admin,password:123456
[2022-03-14T02:08:14.789] [DEBUG] cheese - admin
[2022-03-14T02:08:14.797] [DEBUG] cheese - null
[2022-03-14T02:08:14.798] [DEBUG] cheese - null
[2022-03-14T12:37:33.357] [DEBUG] cheese - login => username:admin,password:123456
[2022-03-14T12:37:33.359] [DEBUG] cheese - admin
[2022-03-14T12:37:33.372] [DEBUG] cheese - null
[2022-03-14T12:37:33.372] [DEBUG] cheese - null
[2022-03-14T19:19:19.978] [DEBUG] cheese - login => username:admin,password:123456
[2022-03-14T19:19:19.979] [DEBUG] cheese - admin
[2022-03-14T19:19:19.985] [DEBUG] cheese - null
[2022-03-14T19:19:19.985] [DEBUG] cheese - null
[2022-03-14T19:22:23.210] [DEBUG] cheese - null
[2022-03-14T19:56:11.603] [DEBUG] cheese - login => username:admin,password:123456
[2022-03-14T19:56:11.604] [DEBUG] cheese - admin
[2022-03-14T19:56:11.610] [DEBUG] cheese - null
[2022-03-14T19:56:11.611] [DEBUG] cheese - null
[2022-03-14T22:40:29.327] [DEBUG] cheese - login => username:admin,password:123456
[2022-03-14T22:40:29.327] [DEBUG] cheese - admin
[2022-03-14T22:40:29.329] [DEBUG] cheese - null
[2022-03-14T22:40:29.329] [DEBUG] cheese - null
[2022-03-14T22:42:28.033] [DEBUG] cheese - login => username:admin,password:123456
[2022-03-14T22:42:28.033] [DEBUG] cheese - admin
[2022-03-14T22:42:28.035] [DEBUG] cheese - null
[2022-03-14T22:42:28.035] [DEBUG] cheese - null
[2022-03-14T22:44:14.349] [DEBUG] cheese - login => username:admin,password:123456
[2022-03-14T22:44:14.349] [DEBUG] cheese - admin
[2022-03-14T22:44:14.351] [DEBUG] cheese - null
[2022-03-14T22:44:14.351] [DEBUG] cheese - null
[2022-03-14T22:44:45.843] [DEBUG] cheese - login => username:admin,password:123456
[2022-03-14T22:44:45.843] [DEBUG] cheese - admin
[2022-03-14T22:44:45.844] [DEBUG] cheese - null
[2022-03-14T22:44:45.844] [DEBUG] cheese - null
[2022-03-15T03:20:29.262] [DEBUG] cheese - login => username:admin,password:123456
[2022-03-15T03:20:29.263] [DEBUG] cheese - admin
[2022-03-15T03:20:29.273] [DEBUG] cheese - null
[2022-03-15T03:20:29.273] [DEBUG] cheese - null
[2022-03-15T12:53:28.840] [DEBUG] cheese - login => username:admin,password:123456
[2022-03-15T12:53:28.841] [DEBUG] cheese - admin
[2022-03-15T12:53:28.986] [DEBUG] cheese - null
[2022-03-15T12:53:28.987] [DEBUG] cheese - null
[2022-03-15T22:17:35.359] [DEBUG] cheese - login => username:admin,password:123456
[2022-03-15T22:17:35.360] [DEBUG] cheese - admin
[2022-03-15T22:17:35.364] [DEBUG] cheese - null
[2022-03-15T22:17:35.364] [DEBUG] cheese - null
[2022-03-15T22:32:50.132] [DEBUG] cheese - login => username:admin,password:123456
[2022-03-15T22:32:50.132] [DEBUG] cheese - admin
[2022-03-15T22:32:50.134] [DEBUG] cheese - null
[2022-03-15T22:32:50.134] [DEBUG] cheese - null
[2022-03-15T22:47:26.946] [DEBUG] cheese - login => username:admin,password:123456
[2022-03-15T22:47:26.946] [DEBUG] cheese - admin
[2022-03-15T22:47:26.947] [DEBUG] cheese - null
[2022-03-15T22:47:26.947] [DEBUG] cheese - null
[2022-03-16T00:05:36.837] [DEBUG] cheese - login => username:admin,password:123456
[2022-03-16T00:05:36.838] [DEBUG] cheese - admin
[2022-03-16T00:05:36.840] [DEBUG] cheese - null
[2022-03-16T00:05:36.840] [DEBUG] cheese - null
[2022-03-16T13:12:39.715] [DEBUG] cheese - login => username:admin,password:123456
[2022-03-16T13:12:39.716] [DEBUG] cheese - admin
[2022-03-16T13:12:39.731] [DEBUG] cheese - null
[2022-03-16T13:12:39.732] [DEBUG] cheese - null
[2022-03-16T13:13:02.660] [DEBUG] cheese - login => username:admin,password:123456
[2022-03-16T13:13:02.660] [DEBUG] cheese - admin
[2022-03-16T13:13:02.663] [DEBUG] cheese - null
[2022-03-16T13:13:02.663] [DEBUG] cheese - null
[2022-03-16T13:16:07.556] [DEBUG] cheese - login => username:admin,password:123456
[2022-03-16T13:16:07.556] [DEBUG] cheese - admin
[2022-03-16T13:16:07.558] [DEBUG] cheese - null
[2022-03-16T13:16:07.558] [DEBUG] cheese - null
[2022-03-16T13:43:07.899] [DEBUG] cheese - login => username:admin,password:123456
[2022-03-16T13:43:07.899] [DEBUG] cheese - admin
[2022-03-16T13:43:07.902] [DEBUG] cheese - null
[2022-03-16T13:43:07.902] [DEBUG] cheese - null
[2022-03-16T17:46:27.764] [DEBUG] cheese - login => username:admin,password:123456
[2022-03-16T17:46:27.764] [DEBUG] cheese - admin
[2022-03-16T17:46:27.766] [DEBUG] cheese - null
[2022-03-16T17:46:27.766] [DEBUG] cheese - null
[2022-03-16T17:52:08.009] [DEBUG] cheese - login => username:admin,password:123456
[2022-03-16T17:52:08.009] [DEBUG] cheese - admin
[2022-03-16T17:52:08.011] [DEBUG] cheese - null
[2022-03-16T17:52:08.011] [DEBUG] cheese - null
[2022-03-17T19:37:25.163] [DEBUG] cheese - login => username:admin,password:123456
[2022-03-17T19:37:25.164] [DEBUG] cheese - admin
[2022-03-17T19:37:25.178] [DEBUG] cheese - null
[2022-03-17T19:37:25.179] [DEBUG] cheese - null
[2022-03-20T22:03:43.566] [DEBUG] cheese - login => username:admin,password:123456
[2022-03-20T22:03:43.567] [DEBUG] cheese - admin
[2022-03-20T22:03:43.581] [DEBUG] cheese - null
[2022-03-20T22:03:43.581] [DEBUG] cheese - null
[2022-03-20T22:04:45.670] [DEBUG] cheese - login => username:admin,password:123456
[2022-03-20T22:04:45.671] [DEBUG] cheese - admin
[2022-03-20T22:04:45.673] [DEBUG] cheese - null
[2022-03-20T22:04:45.673] [DEBUG] cheese - null
[2022-07-21T19:11:46.436] [DEBUG] cheese - login => username:sdfsdf,password:sdfdsfds
[2022-07-21T19:11:46.437] [DEBUG] cheese - sdfsdf
[2022-07-21T19:11:46.447] [DEBUG] cheese - null
[2022-07-21T19:11:46.448] [DEBUG] cheese - null
[2022-07-21T19:12:06.997] [DEBUG] cheese - login => username:sdfsdfdsf,password:sdfsdf
[2022-07-21T19:12:06.998] [DEBUG] cheese - sdfsdfdsf
[2022-07-21T19:12:07.000] [DEBUG] cheese - null
[2022-07-21T19:12:07.000] [DEBUG] cheese - null
[2022-07-21T19:17:21.931] [DEBUG] cheese - login => username:sdfsdfsdf,password:sdfsdfsdf
[2022-07-21T19:17:21.931] [DEBUG] cheese - sdfsdfsdf
[2022-07-21T19:17:21.934] [DEBUG] cheese - null
[2022-07-21T19:17:21.934] [DEBUG] cheese - null
[2022-07-21T19:18:44.967] [DEBUG] cheese - login => username:ssdfsdf,password:sdfsdfsdf
[2022-07-21T19:18:44.967] [DEBUG] cheese - ssdfsdf
[2022-07-21T19:18:44.969] [DEBUG] cheese - null
[2022-07-21T19:18:44.969] [DEBUG] cheese - null
[2022-07-21T19:19:35.401] [DEBUG] cheese - login => username:sdfsdfd,password:sdfsdfsdf
[2022-07-21T19:19:35.401] [DEBUG] cheese - sdfsdfd
[2022-07-21T19:19:35.403] [DEBUG] cheese - null
[2022-07-21T19:19:35.403] [DEBUG] cheese - null
[2022-07-22T11:06:07.105] [DEBUG] cheese - login => username:sfsdfsdfds,password:sdfsdfsdfsdf
[2022-07-22T11:06:07.106] [DEBUG] cheese - sfsdfsdfds
[2022-07-22T11:06:07.116] [DEBUG] cheese - null
[2022-07-22T11:06:07.116] [DEBUG] cheese - null
[2022-07-22T11:07:23.852] [DEBUG] cheese - login => username:sfsdfdsf,password:sdfsdfsdf
[2022-07-22T11:07:23.852] [DEBUG] cheese - sfsdfdsf
[2022-07-22T11:07:23.854] [DEBUG] cheese - null
[2022-07-22T11:07:23.854] [DEBUG] cheese - null
[2022-07-22T11:07:24.591] [DEBUG] cheese - login => username:sfsdfdsf,password:sdfsdfsdf
[2022-07-22T11:07:24.591] [DEBUG] cheese - sfsdfdsf
[2022-07-22T11:07:24.593] [DEBUG] cheese - null
[2022-07-22T11:07:24.593] [DEBUG] cheese - null
[2022-07-22T11:34:20.122] [DEBUG] cheese - login => username:admin,password:281221
[2022-07-22T11:34:20.122] [DEBUG] cheese - admin
[2022-07-22T11:34:20.126] [DEBUG] cheese - null
[2022-07-22T11:34:20.126] [DEBUG] cheese - null
[2022-07-22T11:34:49.241] [DEBUG] cheese - login => username:admin,password:123456
[2022-07-22T11:34:49.241] [DEBUG] cheese - admin
[2022-07-22T11:34:49.243] [DEBUG] cheese - null
[2022-07-22T11:34:49.243] [DEBUG] cheese - null
[2022-07-22T11:35:45.014] [DEBUG] cheese - login => username:admin,password:123456
[2022-07-22T11:35:45.014] [DEBUG] cheese - admin
[2022-07-22T11:35:45.015] [DEBUG] cheese - null
[2022-07-22T11:35:45.015] [DEBUG] cheese - null
[2022-07-22T11:36:37.349] [DEBUG] cheese - login => username:admin,password:123456
[2022-07-22T11:36:37.349] [DEBUG] cheese - admin
[2022-07-22T11:36:37.351] [DEBUG] cheese - null
[2022-07-22T11:36:37.351] [DEBUG] cheese - null
[2022-07-22T11:42:52.867] [DEBUG] cheese - login => username:admin,password:123456
[2022-07-22T11:42:52.867] [DEBUG] cheese - admin
[2022-07-22T11:42:52.869] [DEBUG] cheese - null
[2022-07-22T11:42:52.869] [DEBUG] cheese - null
[2022-07-22T11:45:44.297] [DEBUG] cheese - login => username:admin,password:123456
[2022-07-22T11:45:44.298] [DEBUG] cheese - admin
[2022-07-22T11:45:44.300] [DEBUG] cheese - null
[2022-07-22T11:45:44.300] [DEBUG] cheese - null
[2022-07-22T11:48:09.845] [DEBUG] cheese - login => username:admin,password:123456
[2022-07-22T11:48:09.845] [DEBUG] cheese - admin
[2022-07-22T11:48:09.847] [DEBUG] cheese - null
[2022-07-22T11:48:09.847] [DEBUG] cheese - null
[2022-07-22T11:48:57.898] [DEBUG] cheese - login => username:admin,password:123456
[2022-07-22T11:48:57.898] [DEBUG] cheese - admin
[2022-07-22T11:48:57.900] [DEBUG] cheese - null
[2022-07-22T11:48:57.900] [DEBUG] cheese - null
[2022-07-22T11:50:33.948] [DEBUG] cheese - login => username:admin,password:123456
[2022-07-22T11:50:33.948] [DEBUG] cheese - admin
[2022-07-22T11:50:33.950] [DEBUG] cheese - null
[2022-07-22T11:50:33.950] [DEBUG] cheese - null
[2022-07-22T11:52:04.816] [DEBUG] cheese - login => username:admin,password:123456
[2022-07-22T11:52:04.816] [DEBUG] cheese - admin
[2022-07-22T11:52:04.818] [DEBUG] cheese - null
[2022-07-22T11:52:04.818] [DEBUG] cheese - null
[2022-07-22T11:52:41.597] [DEBUG] cheese - login => username:admin,password:123456
[2022-07-22T11:52:41.597] [DEBUG] cheese - admin
[2022-07-22T11:52:41.600] [DEBUG] cheese - null
[2022-07-22T11:52:41.600] [DEBUG] cheese - null
[2022-07-22T11:52:46.550] [DEBUG] cheese - login => username:admin,password:123456
[2022-07-22T11:52:46.550] [DEBUG] cheese - admin
[2022-07-22T11:52:46.552] [DEBUG] cheese - null
[2022-07-22T11:52:46.552] [DEBUG] cheese - null
[2022-07-22T11:52:58.048] [DEBUG] cheese - login => username:admin,password:123456
[2022-07-22T11:52:58.048] [DEBUG] cheese - admin
[2022-07-22T11:52:58.050] [DEBUG] cheese - null
[2022-07-22T11:52:58.050] [DEBUG] cheese - null
[2022-07-22T11:53:02.252] [DEBUG] cheese - login => username:admin,password:123456
[2022-07-22T11:53:02.252] [DEBUG] cheese - admin
[2022-07-22T11:53:02.254] [DEBUG] cheese - null
[2022-07-22T11:53:02.254] [DEBUG] cheese - null
[2022-07-22T11:54:54.402] [DEBUG] cheese - login => username:admin,password:123456
[2022-07-22T11:54:54.402] [DEBUG] cheese - admin
[2022-07-22T11:54:54.403] [DEBUG] cheese - null
[2022-07-22T11:54:54.403] [DEBUG] cheese - null
[2022-07-22T11:57:46.422] [DEBUG] cheese - login => username:admin,password:123456
[2022-07-22T11:57:46.422] [DEBUG] cheese - admin
[2022-07-22T11:57:46.423] [DEBUG] cheese - null
[2022-07-22T11:57:46.423] [DEBUG] cheese - null
[2022-07-23T11:17:03.240] [DEBUG] cheese - login => username:admin,password:123456
[2022-07-23T11:17:03.241] [DEBUG] cheese - admin
[2022-07-23T11:17:03.251] [DEBUG] cheese - null
[2022-07-23T11:17:03.251] [DEBUG] cheese - null
[2022-07-23T11:17:10.337] [DEBUG] cheese - login => username:admin,password:123456
[2022-07-23T11:17:10.338] [DEBUG] cheese - admin
[2022-07-23T11:17:10.341] [DEBUG] cheese - null
[2022-07-23T11:17:10.341] [DEBUG] cheese - null
[2022-07-23T11:38:01.187] [DEBUG] cheese - login => username:admin,password:123456
[2022-07-23T11:38:01.189] [DEBUG] cheese - admin
[2022-07-23T11:38:01.197] [DEBUG] cheese - null
[2022-07-23T11:38:01.197] [DEBUG] cheese - null
[2022-07-23T12:56:14.528] [DEBUG] cheese - login => username:admin,password:123456
[2022-07-23T12:56:14.529] [DEBUG] cheese - admin
[2022-07-23T12:56:14.533] [DEBUG] cheese - null
[2022-07-23T12:56:14.534] [DEBUG] cheese - null
[2022-07-23T12:57:11.257] [DEBUG] cheese - login => username:admin,password:123456
[2022-07-23T12:57:11.257] [DEBUG] cheese - admin
[2022-07-23T12:57:11.260] [DEBUG] cheese - null
[2022-07-23T12:57:11.260] [DEBUG] cheese - null
[2022-07-23T12:58:36.143] [DEBUG] cheese - login => username:admin,password:123456
[2022-07-23T12:58:36.143] [DEBUG] cheese - admin
[2022-07-23T12:58:36.145] [DEBUG] cheese - null
[2022-07-23T12:58:36.145] [DEBUG] cheese - null
[2022-07-23T12:59:51.862] [DEBUG] cheese - login => username:admin,password:123456
[2022-07-23T12:59:51.862] [DEBUG] cheese - admin
[2022-07-23T12:59:51.864] [DEBUG] cheese - null
[2022-07-23T12:59:51.864] [DEBUG] cheese - null
[2022-07-23T13:43:33.908] [DEBUG] cheese - login => username:admin,password:123456
[2022-07-23T13:43:33.909] [DEBUG] cheese - admin
[2022-07-23T13:43:33.911] [DEBUG] cheese - null
[2022-07-23T13:43:33.911] [DEBUG] cheese - null
[2022-07-23T16:22:45.017] [DEBUG] cheese - login => username:admin,password:123456
[2022-07-23T16:22:45.017] [DEBUG] cheese - admin
[2022-07-23T16:22:45.020] [DEBUG] cheese - null
[2022-07-23T16:22:45.020] [DEBUG] cheese - null
[2022-07-23T16:24:26.469] [DEBUG] cheese - login => username:admin,password:123456
[2022-07-23T16:24:26.469] [DEBUG] cheese - admin
[2022-07-23T16:24:26.471] [DEBUG] cheese - null
[2022-07-23T16:24:26.471] [DEBUG] cheese - null
[2022-07-23T16:24:30.053] [DEBUG] cheese - login => username:admin,password:123456
[2022-07-23T16:24:30.053] [DEBUG] cheese - admin
[2022-07-23T16:24:30.056] [DEBUG] cheese - null
[2022-07-23T16:24:30.056] [DEBUG] cheese - null
[2022-07-23T16:24:37.513] [DEBUG] cheese - login => username:admin,password:123456
[2022-07-23T16:24:37.513] [DEBUG] cheese - admin
[2022-07-23T16:24:37.514] [DEBUG] cheese - null
[2022-07-23T16:24:37.514] [DEBUG] cheese - null
[2022-07-23T16:27:35.693] [DEBUG] cheese - login => username:admin,password:123456
[2022-07-23T16:27:35.693] [DEBUG] cheese - admin
[2022-07-23T16:27:35.695] [DEBUG] cheese - null
[2022-07-23T16:27:35.696] [DEBUG] cheese - null
[2022-07-23T16:28:04.528] [DEBUG] cheese - login => username:admin,password:123456
[2022-07-23T16:28:04.529] [DEBUG] cheese - admin
[2022-07-23T16:28:04.530] [DEBUG] cheese - null
[2022-07-23T16:28:04.530] [DEBUG] cheese - null
[2022-07-23T16:28:26.418] [DEBUG] cheese - login => username:admin,password:123456
[2022-07-23T16:28:26.418] [DEBUG] cheese - admin
[2022-07-23T16:28:26.420] [DEBUG] cheese - null
[2022-07-23T16:28:26.421] [DEBUG] cheese - null
[2022-07-23T16:49:11.866] [DEBUG] cheese - login => username:admin,password:123456
[2022-07-23T16:49:11.866] [DEBUG] cheese - admin
[2022-07-23T16:49:11.868] [DEBUG] cheese - null
[2022-07-23T16:49:11.868] [DEBUG] cheese - null
[2022-07-23T17:02:18.233] [DEBUG] cheese - login => username:admin,password:123456
[2022-07-23T17:02:18.233] [DEBUG] cheese - admin
[2022-07-23T17:02:18.235] [DEBUG] cheese - null
[2022-07-23T17:02:18.235] [DEBUG] cheese - null
[2022-07-23T18:22:53.643] [DEBUG] cheese - login => username:admin,password:123456
[2022-07-23T18:22:53.643] [DEBUG] cheese - admin
[2022-07-23T18:22:53.646] [DEBUG] cheese - null
[2022-07-23T18:22:53.646] [DEBUG] cheese - null
[2022-07-23T19:40:59.923] [DEBUG] cheese - login => username:admin,password:123456
[2022-07-23T19:40:59.924] [DEBUG] cheese - admin
[2022-07-23T19:40:59.934] [DEBUG] cheese - null
[2022-07-23T19:40:59.935] [DEBUG] cheese - null
[2022-07-23T19:41:43.832] [DEBUG] cheese - login => username:admin,password:123456
[2022-07-23T19:41:43.832] [DEBUG] cheese - admin
[2022-07-23T19:41:43.835] [DEBUG] cheese - null
[2022-07-23T19:41:43.835] [DEBUG] cheese - null
[2022-07-23T21:24:16.647] [DEBUG] cheese - login => username:admin,password:123456
[2022-07-23T21:24:16.649] [DEBUG] cheese - admin
[2022-07-23T21:24:16.670] [DEBUG] cheese - null
[2022-07-23T21:24:16.670] [DEBUG] cheese - null
[2022-07-23T21:25:37.477] [DEBUG] cheese - login => username:admin,password:123456
[2022-07-23T21:25:37.477] [DEBUG] cheese - admin
[2022-07-23T21:25:37.480] [DEBUG] cheese - null
[2022-07-23T21:25:37.480] [DEBUG] cheese - null
[2022-07-23T21:27:00.222] [DEBUG] cheese - login => username:admin,password:123456
[2022-07-23T21:27:00.222] [DEBUG] cheese - admin
[2022-07-23T21:27:00.224] [DEBUG] cheese - null
[2022-07-23T21:27:00.224] [DEBUG] cheese - null
[2022-07-23T21:27:31.637] [DEBUG] cheese - login => username:admin,password:123456
[2022-07-23T21:27:31.637] [DEBUG] cheese - admin
[2022-07-23T21:27:31.639] [DEBUG] cheese - null
[2022-07-23T21:27:31.639] [DEBUG] cheese - null
[2022-07-24T09:08:38.542] [DEBUG] cheese - login => username:admin,password:123456
[2022-07-24T09:08:38.543] [DEBUG] cheese - admin
[2022-07-24T09:08:38.554] [DEBUG] cheese - null
[2022-07-24T09:08:38.554] [DEBUG] cheese - null
[2022-07-24T13:29:50.436] [DEBUG] cheese - login => username:admin,password:123456
[2022-07-24T13:29:50.437] [DEBUG] cheese - admin
[2022-07-24T13:29:50.450] [DEBUG] cheese - null
[2022-07-24T13:29:50.450] [DEBUG] cheese - null
[2022-07-24T18:19:31.518] [DEBUG] cheese - login => username:admin,password:123456
[2022-07-24T18:19:31.519] [DEBUG] cheese - admin
[2022-07-24T18:19:31.529] [DEBUG] cheese - null
[2022-07-24T18:19:31.529] [DEBUG] cheese - null
[2022-07-25T11:02:25.631] [DEBUG] cheese - login => username:admin,password:123456
[2022-07-25T11:02:25.632] [DEBUG] cheese - admin
[2022-07-25T11:02:25.642] [DEBUG] cheese - null
[2022-07-25T11:02:25.643] [DEBUG] cheese - null
[2022-07-25T16:33:38.576] [DEBUG] cheese - login => username:admin,password:123456
[2022-07-25T16:33:38.577] [DEBUG] cheese - admin
[2022-07-25T16:33:38.589] [DEBUG] cheese - null
[2022-07-25T16:33:38.589] [DEBUG] cheese - null
[2022-07-26T21:59:22.713] [DEBUG] cheese - login => username:admin,password:123456
[2022-07-26T21:59:22.714] [DEBUG] cheese - admin
[2022-07-26T21:59:22.726] [DEBUG] cheese - null
[2022-07-26T21:59:22.727] [DEBUG] cheese - null
[2022-07-27T02:40:25.438] [DEBUG] cheese - login => username:admin,password:123456
[2022-07-27T02:40:25.439] [DEBUG] cheese - admin
[2022-07-27T02:40:25.464] [DEBUG] cheese - null
[2022-07-27T02:40:25.464] [DEBUG] cheese - null
[2022-07-27T11:03:09.449] [DEBUG] cheese - login => username:admin,password:123456
[2022-07-27T11:03:09.451] [DEBUG] cheese - admin
[2022-07-27T11:03:09.461] [DEBUG] cheese - null
[2022-07-27T11:03:09.462] [DEBUG] cheese - null
[2022-07-27T15:11:29.029] [DEBUG] cheese - login => username:admin,password:123456
[2022-07-27T15:11:29.030] [DEBUG] cheese - admin
[2022-07-27T15:11:29.041] [DEBUG] cheese - null
[2022-07-27T15:11:29.041] [DEBUG] cheese - null
[2022-07-27T15:11:37.089] [DEBUG] cheese - login => username:admin,password:123456
[2022-07-27T15:11:37.089] [DEBUG] cheese - admin
[2022-07-27T15:11:37.091] [DEBUG] cheese - null
[2022-07-27T15:11:37.091] [DEBUG] cheese - null
[2022-07-27T16:32:47.391] [DEBUG] cheese - login => username:admin,password:123456
[2022-07-27T16:32:47.393] [DEBUG] cheese - admin
[2022-07-27T16:32:47.403] [DEBUG] cheese - null
[2022-07-27T16:32:47.403] [DEBUG] cheese - null
[2022-08-12T13:57:57.536] [DEBUG] cheese - login => username:admin,password:123456
[2022-08-12T13:57:57.537] [DEBUG] cheese - admin
[2022-08-12T13:57:57.548] [DEBUG] cheese - null
[2022-08-12T13:57:57.548] [DEBUG] cheese - null
[2022-08-12T19:49:31.126] [DEBUG] cheese - login => username:admin,password:123456
[2022-08-12T19:49:31.127] [DEBUG] cheese - admin
[2022-08-12T19:49:31.137] [DEBUG] cheese - null
[2022-08-12T19:49:31.137] [DEBUG] cheese - null
[2022-08-12T20:07:27.683] [DEBUG] cheese - null
[2022-08-12T20:07:30.836] [DEBUG] cheese - null
[2022-08-12T20:07:45.810] [DEBUG] cheese - null
[2022-08-12T20:08:00.287] [DEBUG] cheese - null
[2022-08-12T20:11:28.211] [DEBUG] cheese - null
[2022-08-12T20:12:56.648] [DEBUG] cheese - null
[2022-08-12T20:13:18.414] [DEBUG] cheese - null
[2022-08-12T20:13:59.776] [DEBUG] cheese - null
[2022-08-12T20:15:05.871] [DEBUG] cheese - null
[2022-08-12T20:15:15.288] [DEBUG] cheese - null
[2022-08-12T20:15:39.019] [DEBUG] cheese - null
[2022-08-12T20:16:01.517] [DEBUG] cheese - null
[2022-08-12T20:18:47.216] [DEBUG] cheese - null
[2022-08-12T20:37:52.964] [DEBUG] cheese - login => username:admin,password:123456
[2022-08-12T20:37:52.964] [DEBUG] cheese - admin
[2022-08-12T20:37:52.965] [DEBUG] cheese - null
[2022-08-12T20:37:52.965] [DEBUG] cheese - null
[2022-08-12T20:38:12.542] [DEBUG] cheese - null
[2022-08-12T20:38:14.475] [DEBUG] cheese - null
[2022-08-12T20:39:50.580] [DEBUG] cheese - null
[2022-08-12T20:43:53.918] [DEBUG] cheese - null
[2022-08-12T20:44:17.519] [DEBUG] cheese - null
[2022-08-12T20:44:24.882] [DEBUG] cheese - null
[2022-08-12T20:45:00.936] [DEBUG] cheese - null
[2022-08-12T20:45:03.415] [DEBUG] cheese - null
[2022-08-12T20:46:42.871] [DEBUG] cheese - null
[2022-08-12T20:46:59.030] [DEBUG] cheese - null
[2022-08-12T20:47:11.088] [DEBUG] cheese - null
[2022-08-12T21:44:36.471] [DEBUG] cheese - null
[2022-08-12T21:44:55.657] [DEBUG] cheese - null
[2022-08-12T21:46:52.512] [DEBUG] cheese - null
[2022-08-12T21:53:33.603] [DEBUG] cheese - null
[2022-08-12T21:53:39.098] [DEBUG] cheese - null
[2022-08-12T21:53:41.325] [DEBUG] cheese - null
[2022-08-12T21:53:43.055] [DEBUG] cheese - null
[2022-08-12T21:53:46.167] [DEBUG] cheese - null
[2022-08-12T21:53:49.220] [DEBUG] cheese - null
[2022-08-12T21:57:08.088] [DEBUG] cheese - null
[2022-08-12T21:57:22.471] [DEBUG] cheese - null
[2022-08-12T21:57:27.059] [DEBUG] cheese - null
[2022-08-12T21:58:23.087] [DEBUG] cheese - login => username:admin,password:123456
[2022-08-12T21:58:23.088] [DEBUG] cheese - admin
[2022-08-12T21:58:23.089] [DEBUG] cheese - null
[2022-08-12T21:58:23.090] [DEBUG] cheese - null
[2022-08-12T22:11:31.297] [DEBUG] cheese - null
[2022-08-12T22:11:34.440] [DEBUG] cheese - null
[2022-08-12T22:11:37.181] [DEBUG] cheese - null
[2022-08-12T22:11:40.540] [DEBUG] cheese - null
[2022-08-12T22:11:46.134] [DEBUG] cheese - login => username:admin,password:123456
[2022-08-12T22:11:46.134] [DEBUG] cheese - admin
[2022-08-12T22:11:46.136] [DEBUG] cheese - null
[2022-08-12T22:11:46.136] [DEBUG] cheese - null
[2022-08-12T22:54:26.025] [DEBUG] cheese - login => username:admin,password:123456
[2022-08-12T22:54:26.026] [DEBUG] cheese - admin
[2022-08-12T22:54:26.037] [DEBUG] cheese - null
[2022-08-12T22:54:26.037] [DEBUG] cheese - null
[2022-08-13T00:33:37.031] [DEBUG] cheese - login => username:admin,password:123456
[2022-08-13T00:33:37.032] [DEBUG] cheese - admin
[2022-08-13T00:33:37.043] [DEBUG] cheese - null
[2022-08-13T00:33:37.043] [DEBUG] cheese - null
[2022-08-13T00:48:59.834] [DEBUG] cheese - login => username:admin,password:123456
[2022-08-13T00:48:59.834] [DEBUG] cheese - admin
[2022-08-13T00:48:59.835] [DEBUG] cheese - null
[2022-08-13T00:48:59.835] [DEBUG] cheese - null
[2022-08-13T01:02:04.964] [DEBUG] cheese - login => username:admin,password:123456
[2022-08-13T01:02:04.965] [DEBUG] cheese - admin
[2022-08-13T01:02:04.977] [DEBUG] cheese - null
[2022-08-13T01:02:04.977] [DEBUG] cheese - null
[2022-08-13T01:02:05.237] [DEBUG] cheese - login => username:admin,password:123456
[2022-08-13T01:02:05.238] [DEBUG] cheese - admin
[2022-08-13T01:02:05.242] [DEBUG] cheese - null
[2022-08-13T01:02:05.242] [DEBUG] cheese - null
[2022-08-13T01:03:07.341] [DEBUG] cheese - null
[2022-08-13T01:03:49.831] [DEBUG] cheese - null
[2022-08-13T01:04:57.568] [DEBUG] cheese - null
[2022-08-13T01:07:00.955] [DEBUG] cheese - null
[2022-08-13T01:31:46.782] [DEBUG] cheese - login => username:admin,password:123456
[2022-08-13T01:31:46.783] [DEBUG] cheese - admin
[2022-08-13T01:31:46.793] [DEBUG] cheese - null
[2022-08-13T01:31:46.793] [DEBUG] cheese - null
[2022-08-13T01:32:38.645] [DEBUG] cheese - null
[2022-08-13T01:33:25.966] [DEBUG] cheese - null
[2022-08-13T01:33:38.976] [DEBUG] cheese - null
[2022-08-13T15:24:35.465] [DEBUG] cheese - login => username:admin,password:123456
[2022-08-13T15:24:35.466] [DEBUG] cheese - admin
[2022-08-13T15:24:35.476] [DEBUG] cheese - null
[2022-08-13T15:24:35.477] [DEBUG] cheese - null
[2022-08-13T16:18:12.908] [DEBUG] cheese - login => username:admin,password:123456
[2022-08-13T16:18:12.908] [DEBUG] cheese - admin
[2022-08-13T16:18:12.910] [DEBUG] cheese - null
[2022-08-13T16:18:12.910] [DEBUG] cheese - null
[2022-08-13T17:45:55.754] [DEBUG] cheese - login => username:admin,password:123456
[2022-08-13T17:45:55.755] [DEBUG] cheese - admin
[2022-08-13T17:45:55.757] [DEBUG] cheese - null
[2022-08-13T17:45:55.758] [DEBUG] cheese - null
[2022-08-13T17:47:14.731] [DEBUG] cheese - null
[2022-08-13T18:15:07.959] [DEBUG] cheese - null
[2022-08-13T18:15:12.221] [DEBUG] cheese - null
[2022-08-13T18:24:24.041] [DEBUG] cheese - null
[2022-08-13T18:24:27.025] [DEBUG] cheese - null
[2022-08-13T18:24:30.106] [DEBUG] cheese - null
[2022-08-13T18:50:07.864] [DEBUG] cheese - login => username:admin=,password:123456
[2022-08-13T18:50:07.864] [DEBUG] cheese - admin=
[2022-08-13T18:50:07.866] [DEBUG] cheese - null
[2022-08-13T18:50:07.866] [DEBUG] cheese - null
[2022-08-13T18:50:14.811] [DEBUG] cheese - login => username:admi,password:123456
[2022-08-13T18:50:14.811] [DEBUG] cheese - admi
[2022-08-13T18:50:14.812] [DEBUG] cheese - null
[2022-08-13T18:50:14.812] [DEBUG] cheese - null
[2022-08-13T18:50:15.685] [DEBUG] cheese - login => username:admi,password:123456
[2022-08-13T18:50:15.686] [DEBUG] cheese - admi
[2022-08-13T18:50:15.687] [DEBUG] cheese - null
[2022-08-13T18:50:15.687] [DEBUG] cheese - null
[2022-08-13T18:51:13.652] [DEBUG] cheese - login => username:admi,password:123456
[2022-08-13T18:51:13.652] [DEBUG] cheese - admi
[2022-08-13T18:51:13.653] [DEBUG] cheese - null
[2022-08-13T18:51:13.653] [DEBUG] cheese - null
[2022-08-13T18:51:14.400] [DEBUG] cheese - login => username:admi,password:123456
[2022-08-13T18:51:14.400] [DEBUG] cheese - admi
[2022-08-13T18:51:14.402] [DEBUG] cheese - null
[2022-08-13T18:51:14.402] [DEBUG] cheese - null
[2022-08-13T18:51:15.033] [DEBUG] cheese - login => username:admi,password:123456
[2022-08-13T18:51:15.033] [DEBUG] cheese - admi
[2022-08-13T18:51:15.035] [DEBUG] cheese - null
[2022-08-13T18:51:15.035] [DEBUG] cheese - null
[2022-08-13T18:51:21.806] [DEBUG] cheese - login => username:admi,password:123456
[2022-08-13T18:51:21.806] [DEBUG] cheese - admi
[2022-08-13T18:51:21.807] [DEBUG] cheese - null
[2022-08-13T18:51:21.807] [DEBUG] cheese - null
[2022-08-13T18:51:22.628] [DEBUG] cheese - login => username:admi,password:123456
[2022-08-13T18:51:22.628] [DEBUG] cheese - admi
[2022-08-13T18:51:22.629] [DEBUG] cheese - null
[2022-08-13T18:51:22.629] [DEBUG] cheese - null
[2022-08-13T18:52:54.076] [DEBUG] cheese - login => username:admin,password:123456
[2022-08-13T18:52:54.076] [DEBUG] cheese - admin
[2022-08-13T18:52:54.077] [DEBUG] cheese - null
[2022-08-13T18:52:54.077] [DEBUG] cheese - null
[2022-08-13T19:31:39.889] [DEBUG] cheese - null
[2022-08-14T18:35:14.329] [DEBUG] cheese - login => username:admin,password:123456
[2022-08-14T18:35:14.330] [DEBUG] cheese - admin
[2022-08-14T18:35:14.341] [DEBUG] cheese - null
[2022-08-14T18:35:14.341] [DEBUG] cheese - null
[2022-08-14T19:27:37.237] [DEBUG] cheese - login => username:admin,password:123456
[2022-08-14T19:27:37.238] [DEBUG] cheese - admin
[2022-08-14T19:27:37.241] [DEBUG] cheese - null
[2022-08-14T19:27:37.241] [DEBUG] cheese - null
[2022-08-14T22:28:06.371] [DEBUG] cheese - login => username:admin,password:123456
[2022-08-14T22:28:06.372] [DEBUG] cheese - admin
[2022-08-14T22:28:06.382] [DEBUG] cheese - null
[2022-08-14T22:28:06.383] [DEBUG] cheese - null
[2022-11-03T18:58:14.359] [DEBUG] cheese - login => username:admin,password:123456
[2022-11-03T18:58:14.360] [DEBUG] cheese - admin
[2022-11-03T18:58:14.373] [DEBUG] cheese - null
[2022-11-03T18:58:14.373] [DEBUG] cheese - null
